[0m14:17:26.952623 [debug] [MainThread]: Sending event: {'category': 'dbt', 'action': 'invocation', 'label': 'start', 'context': [<snowplow_tracker.self_describing_json.SelfDescribingJson object at 0x7adb949f6990>, <snowplow_tracker.self_describing_json.SelfDescribingJson object at 0x7adb91e194d0>, <snowplow_tracker.self_describing_json.SelfDescribingJson object at 0x7adb949f7310>]}


============================== 14:17:27.000293 | f2f2d299-978b-4f6f-9aee-779716d61f5b ==============================
[0m14:17:27.000293 [info ] [MainThread]: Running with dbt=1.11.11
[0m14:17:27.001107 [debug] [MainThread]: running dbt with arguments {'use_experimental_parser': 'False', 'warn_error': 'None', 'empty': 'None', 'static_parser': 'True', 'write_json': 'True', 'indirect_selection': 'eager', 'log_path': 'logs', 'printer_width': '80', 'log_cache_events': 'False', 'invocation_command': 'dbt init customer_futures', 'version_check': 'True', 'profiles_dir': '/home/eve-marie/.dbt', 'no_print': 'None', 'warn_error_options': 'WarnErrorOptionsV2(error=[], warn=[], silence=[])', 'quiet': 'False', 'partial_parse': 'True', 'send_anonymous_usage_stats': 'True', 'fail_fast': 'False', 'cache_selected_only': 'False', 'introspect': 'True', 'use_colors': 'True', 'log_format': 'default', 'target_path': 'None', 'debug': 'False'}
[0m14:17:27.053578 [info ] [MainThread]: Creating dbt configuration folder at /home/eve-marie/.dbt
[0m14:17:27.057241 [debug] [MainThread]: Starter project path: /home/eve-marie/dbt-customer-futures/.venv/lib/python3.11/site-packages/dbt/include/starter_project
[0m14:17:27.063308 [info ] [MainThread]: 
Your new dbt project "customer_futures" was created!

For more information on how to configure the profiles.yml file,
please consult the dbt documentation here:

  https://docs.getdbt.com/docs/configure-your-profile

One more thing:

Need help? Don't hesitate to reach out to us via GitHub issues or on Slack:

  https://community.getdbt.com/

Happy modeling!

[0m14:17:27.064088 [info ] [MainThread]: Setting up your profile.
[0m14:17:57.777302 [info ] [MainThread]: Profile customer_futures written to /home/eve-marie/.dbt/profiles.yml using target's sample configuration. Once updated, you'll be able to start developing with dbt.
[0m14:17:57.778546 [debug] [MainThread]: Resource report: {"command_name": "init", "command_success": true, "command_wall_clock_time": 30.90272, "process_in_blocks": "576", "process_kernel_time": 0.302941, "process_mem_max_rss": "146236", "process_out_blocks": "50352", "process_user_time": 4.367157}
[0m14:17:57.780578 [debug] [MainThread]: Command `dbt init` succeeded at 14:17:57.780004 after 30.90 seconds
[0m14:17:57.782011 [debug] [MainThread]: Sending event: {'category': 'dbt', 'action': 'invocation', 'label': 'end', 'context': [<snowplow_tracker.self_describing_json.SelfDescribingJson object at 0x7adb91af0290>, <snowplow_tracker.self_describing_json.SelfDescribingJson object at 0x7adb91aa2410>, <snowplow_tracker.self_describing_json.SelfDescribingJson object at 0x7adb9174d550>]}
[0m14:17:57.782977 [debug] [MainThread]: Flushing usage events
[0m14:17:57.982342 [debug] [MainThread]: An error was encountered while trying to flush usage events
